<?xml version="1.0" encoding="UTF-8"?>
<!-- Generated by org.testng.reporters.JUnitReportReporter -->
<testsuite skipped="0" hostname="ARPGL007078" name="com.pom.testCases.RecruitmentTest" tests="2" failures="0" timestamp="29 Dec 2021 14:34:43 GMT" time="18.101" errors="0">
  <testcase name="test1" time="11.936" classname="com.pom.testCases.RecruitmentTest"/>
  <testcase name="test2" time="6.165" classname="com.pom.testCases.RecruitmentTest"/>
</testsuite> <!-- com.pom.testCases.RecruitmentTest -->
