<?xml version="1.0" encoding="UTF-8"?>
<!-- Generated by org.testng.reporters.JUnitReportReporter -->
<testsuite skipped="0" hostname="ARPGL007078" name="com.pom.testCases.MyInfoTest" tests="2" failures="0" timestamp="31 Dec 2021 15:30:22 GMT" time="25.318" errors="0">
  <testcase name="Test1" time="17.184" classname="com.pom.testCases.MyInfoTest"/>
  <testcase name="Test1" time="8.134" classname="com.pom.testCases.MyInfoTest"/>
</testsuite> <!-- com.pom.testCases.MyInfoTest -->
